[0m[[0m[0mdebug[0m] [0m[0m> Exec(compile, Some(be688ee2-3d72-446d-9f79-18f67ae7fb55), Some(CommandSource(console0)))[0m
[0m[[0m[0mdebug[0m] [0m[0mEvaluating tasks: Compile / compile[0m
[0m[[0m[0mdebug[0m] [0m[0mRunning task... Cancel: Signal, check cycles: false, forcegc: true[0m
[0m[[0m[0minfo[0m] [0m[0mcompiling 4 Scala sources to /home/mykyta.mykhailenko/Desktop/codescreen/zio-kafka-sharding-refactoring/target/scala-2.13/classes ...[0m
[0m[[0m[31merror[0m] [0m[0m/home/mykyta.mykhailenko/Desktop/codescreen/zio-kafka-sharding-refactoring/src/main/scala/zio/kafka/sharding/Sharding.scala:88:49: not enough arguments for method apply: (shardingLayer: zio.ULayer[zio.kafka.sharding.Sharding], shardGroup: zio.kafka.sharding.model.ShardGroup[T], topic: String, producer: zio.kafka.producer.Producer, hub: zio.Hub[zio.kafka.sharding.Partition]): zio.kafka.sharding.Sharding.Shard[T] in object Shard.[0m
[0m[[0m[31merror[0m] [0m[0mUnspecified value parameter hub.[0m
[0m[[0m[31merror[0m] [0m[0m    getShardGroup[T](typeTag).map(Sharding.Shard(shardingLayer, _, topic, producer))[0m
[0m[[0m[31merror[0m] [0m[0m                                                ^[0m
[0m[[0m[31merror[0m] [0m[0m/home/mykyta.mykhailenko/Desktop/codescreen/zio-kafka-sharding-refactoring/src/main/scala/zio/kafka/sharding/model/PartitionRegisterPool.scala:24:26: overloaded method apply needs result type[0m
[0m[[0m[31merror[0m] [0m[0m    PartitionRegisterPool(entityDescriptions.map(description =>[0m
[0m[[0m[31merror[0m] [0m[0m                         ^[0m
[0m[[0m[31merror[0m] [0m[0m/home/mykyta.mykhailenko/Desktop/codescreen/zio-kafka-sharding-refactoring/src/main/scala/zio/kafka/sharding/Sharding.scala:172:51: type mismatch;[0m
[0m[[0m[31merror[0m] [0m[0m found   : zio.UIO[zio.UIO[zio.kafka.sharding.Partition]][0m
[0m[[0m[31merror[0m] [0m[0m    (which expands to)  zio.ZIO[Any,Nothing,zio.ZIO[Any,Nothing,Int]][0m
[0m[[0m[31merror[0m] [0m[0m required: zio.ZIO[zio.kafka.sharding.Sharding.Shard[T],Throwable,zio.UIO[zio.kafka.sharding.Done]][0m
[0m[[0m[31merror[0m] [0m[0m    (which expands to)  zio.ZIO[zio.kafka.sharding.Sharding.Shard[T],Throwable,zio.ZIO[Any,Nothing,Unit]][0m
[0m[[0m[31merror[0m] [0m[0m      ZIO.serviceWithZIO[Sharding.Shard[T]](_.tell(replyId, replyPartition, event))[0m
[0m[[0m[31merror[0m] [0m[0m                                                  ^[0m
[0m[[0m[31merror[0m] [0m[0mthree errors found[0m
[0m[[0m[0mdebug[0m] [0m[0mForcing garbage collection...[0m
[0m[[0m[31merror[0m] [0m[0m(Compile / [31mcompileIncremental[0m) Compilation failed[0m
[0m[[0m[31merror[0m] [0m[0mTotal time: 2 s, completed Mar 10, 2023, 5:16:04 PM[0m
[0m[[0m[0mdebug[0m] [0m[0m> Exec(shell, None, None)[0m
